<?xml version="1.0" encoding="UTF-8"?>
<testsuite xmlns:xsi="http://www.w3.org/2001/XMLSchema-instance" xsi:noNamespaceSchemaLocation="https://maven.apache.org/surefire/maven-surefire-plugin/xsd/surefire-test-report-3.0.xsd" version="3.0" name="TestSuite" time="93.088" tests="1" errors="0" skipped="0" failures="0">
  <properties>
[...]
</properties>
  <testcase name="runScenario[&quot;Verifying the chosen League&apos;s  Leaders page can be Navigated successfully&quot;, &quot;chosen League&apos;s  tab  Verification&quot;](1)" classname="MyRunner.MyRunner$CucumberRunnerTests" time="90.341">
    <system-out><![CDATA[
Scenario: Verifying the chosen League's  Leaders page can be Navigated successfully &amp#27;[90m# src/test/resources/Features/Leader Page Navigation.feature:18&amp#27;[0m
2024-02-20 17:50:22 INFO  ApplicationBase:28 - App Configurations Loaded
2024-02-20 17:50:22 INFO  ApplicationBase:30 - Driver Capabilities Loaded
2024-02-20 17:50:45 INFO  ApplicationBase:32 - Driver initiated
true
2024-02-20 17:50:46 INFO  ApplicationBase:40 - Test Setup Started
2024-02-20 17:50:48 INFO  ApplicationBase:42 - Home Screen loaded
  &amp#27;[32mGiven &amp#27;[0m&amp#27;[32mUser is on Home Page&amp#27;[0m                                                        &amp#27;[90m# StepDefinitions.LeaguetabSteps.user_is_on_home_page()&amp#27;[0m
2024-02-20 17:51:03 INFO  ApplicationBase:55 - Navigated to Leagues screen
  &amp#27;[32mWhen &amp#27;[0m&amp#27;[32mUser Click League menu&amp#27;[0m                                                       &amp#27;[90m# StepDefinitions.LeaguetabSteps.user_click_league_menu()&amp#27;[0m
2024-02-20 17:51:07 INFO  ApplicationBase:65 - Verified Leagues screen
  &amp#27;[32mThen &amp#27;[0m&amp#27;[32mUser is Navigated to Leagues Page&amp#27;[0m                                            &amp#27;[90m# StepDefinitions.LeaguetabSteps.user_is_navigated_to_leagues_page()&amp#27;[0m
2024-02-20 17:51:18 INFO  ApplicationBase:54 - NFL Page opens successfully
2024-02-20 17:51:21 INFO  ApplicationBase:82 - Navigated to the NFLLeaguesScreen
  &amp#27;[32mWhen &amp#27;[0m&amp#27;[32mUser Clicks on the &amp#27;[0m&amp#27;[32m&amp#27;[1m"NFL"&amp#27;[0m                                                     &amp#27;[90m# StepDefinitions.LeaguetabSteps.user_clicks_on_the(java.lang.String)&amp#27;[0m
2024-02-20 17:51:22 INFO  ApplicationBase:88 - NFL Page opens successfully
2024-02-20 17:51:24 INFO  ApplicationBase:123 - Verified  NFLLeaguesScreen
  &amp#27;[32mThen &amp#27;[0m&amp#27;[32mUser is Navigating to the &amp#27;[0m&amp#27;[32m&amp#27;[1m"NFL"&amp#27;[0m&amp#27;[32m page&amp#27;[0m                                         &amp#27;[90m# StepDefinitions.LeaguetabSteps.user_is_navigating_to_the_page(java.lang.String)&amp#27;[0m
2024-02-20 17:51:31 INFO  ApplicationBase:167 - Navigated to the NFLLeadersScreen
  &amp#27;[32mWhen &amp#27;[0m&amp#27;[32mUser Click on &amp#27;[0m&amp#27;[32m&amp#27;[1m"NFLLeader"&amp#27;[0m                                                    &amp#27;[90m# StepDefinitions.LeaguetabSteps.user_click_on(java.lang.String)&amp#27;[0m
2024-02-20 17:51:35 INFO  ApplicationBase:217 - Navigated to the NFLLeadersScreen
  &amp#27;[32mThen &amp#27;[0m&amp#27;[32mUser is Navigating to the &amp#27;[0m&amp#27;[32m&amp#27;[1m"NFLLeader"&amp#27;[0m                                        &amp#27;[90m# StepDefinitions.LeaguetabSteps.user_is_navigating_to_the(java.lang.String)&amp#27;[0m
2024-02-20 17:51:44 INFO  ApplicationBase:265 - Navigated Back to the Leaguescreen
  &amp#27;[32mWhen &amp#27;[0m&amp#27;[32mUser Click BackButton on &amp#27;[0m&amp#27;[32m&amp#27;[1m"NFLLeader"&amp#27;[0m                                         &amp#27;[90m# StepDefinitions.LeaguetabSteps.user_click_back_button_on(java.lang.String)&amp#27;[0m
2024-02-20 17:51:46 INFO  ApplicationBase:309 - Verified Leagues screen
  &amp#27;[32mThen &amp#27;[0m&amp#27;[32mUser is Navigated Back&amp#27;[0m                                                       &amp#27;[90m# StepDefinitions.LeaguetabSteps.user_is_navigated_back()&amp#27;[0m
]]></system-out>
    <system-err><![CDATA[SLF4J(W): No SLF4J providers were found.
SLF4J(W): Defaulting to no-operation (NOP) logger implementation
SLF4J(W): See https://www.slf4j.org/codes.html#noProviders for further details.
SLF4J(W): Class path contains SLF4J bindings targeting slf4j-api versions 1.7.x or earlier.
SLF4J(W): Ignoring binding found at [jar:file:/C:/Users/polth/.m2/repository/org/apache/logging/log4j/log4j-slf4j-impl/2.14.1/log4j-slf4j-impl-2.14.1.jar!/org/slf4j/impl/StaticLoggerBinder.class]
SLF4J(W): See https://www.slf4j.org/codes.html#ignoredBindings for an explanation.
]]></system-err>
  </testcase>
</testsuite>