<?xml version="1.0" encoding="UTF-8"?>
<testng-results ignored="0" total="1" passed="1" failed="0" skipped="0">
  <reporter-output>
  </reporter-output>
  <suite started-at="2024-02-20T17:50:21 EST" name="Suite" finished-at="2024-02-20T17:51:52 EST" duration-ms="91261">
    <groups>
      <group name="cucumber">
        <method signature="AbstractTestNGCucumberTests.runScenario(io.cucumber.testng.PickleWrapper,io.cucumber.testng.FeatureWrapper)[pri:0, instance:MyRunner.MyRunner$CucumberRunnerTests@7674f035]" name="runScenario" class="io.cucumber.testng.AbstractTestNGCucumberTests"/>
      </group> <!-- cucumber -->
    </groups>
    <test started-at="2024-02-20T17:50:21 EST" name="Test" finished-at="2024-02-20T17:51:52 EST" duration-ms="91261">
      <class name="MyRunner.MyRunner$CucumberRunnerTests">
        <test-method is-config="true" signature="setUpClass(org.testng.ITestContext)[pri:0, instance:MyRunner.MyRunner$CucumberRunnerTests@7674f035]" started-at="2024-02-20T17:50:21 EST" name="setUpClass" finished-at="2024-02-20T17:50:22 EST" duration-ms="913" status="PASS">
          <params>
            <param index="0">
              <value>
                <![CDATA[org.testng.TestRunner@615e83ac]]>
              </value>
            </param>
          </params>
          <reporter-output>
          </reporter-output>
        </test-method> <!-- setUpClass -->
        <test-method signature="runScenario(io.cucumber.testng.PickleWrapper,io.cucumber.testng.FeatureWrapper)[pri:0, instance:MyRunner.MyRunner$CucumberRunnerTests@7674f035]" started-at="2024-02-20T17:50:22 EST" name="runScenario" description="Runs Cucumber Scenarios" data-provider="scenarios" finished-at="2024-02-20T17:51:51 EST" duration-ms="89762" status="PASS">
          <params>
            <param index="0">
              <value>
                <![CDATA["Verifying the chosen League's  Leaders page can be Navigated successfully"]]>
              </value>
            </param>
            <param index="1">
              <value>
                <![CDATA["chosen League's  tab  Verification"]]>
              </value>
            </param>
          </params>
          <reporter-output>
          </reporter-output>
        </test-method> <!-- runScenario -->
        <test-method is-config="true" signature="tearDownClass()[pri:0, instance:MyRunner.MyRunner$CucumberRunnerTests@7674f035]" started-at="2024-02-20T17:51:52 EST" name="tearDownClass" finished-at="2024-02-20T17:51:52 EST" duration-ms="223" status="PASS">
          <reporter-output>
          </reporter-output>
        </test-method> <!-- tearDownClass -->
      </class> <!-- MyRunner.MyRunner$CucumberRunnerTests -->
    </test> <!-- Test -->
  </suite> <!-- Suite -->
</testng-results>
